<?xml version="1.0" encoding="UTF-8"?>
<!-- Generated by org.testng.reporters.JUnitXMLReporter -->
<testsuite hostname="CN-20190213OQNU" ignored="0" name="login" tests="4" failures="0" timestamp="23 三月 2019 03:19:00 GMT" time="53.011" errors="0">
  <testcase name="GoogleTest" time="33.719" classname="web.ui.NewTest">
    <skipped/>
  </testcase> <!-- GoogleTest -->
  <testcase name="FirefoxTest" time="36.206" classname="web.ui.NewTest">
    <skipped/>
  </testcase> <!-- FirefoxTest -->
  <testcase name="GoogleTest" time="12.769" classname="web.ui.NewTest"/>
  <testcase name="FirefoxTest" time="16.687" classname="web.ui.NewTest"/>
</testsuite> <!-- login -->
