<?xml version="1.0" encoding="UTF-8"?>
<testsuite name="login"
           tests="2"
           failures="1"
           errors="0"
           skipped="0"
           time="8.960">
  <properties />
            <testcase name="GoogleTest" time="0.300" classname="web.ui.login">
                <failure type="java.lang.NoClassDefFoundError"
                  message="org/w3c/dom/ElementTraversal"
              >
<![CDATA[java.lang.NoClassDefFoundError: org/w3c/dom/ElementTraversal
  java.lang.ClassLoader.defineClass1(Native Method)
  java.lang.ClassLoader.defineClass(ClassLoader.java:760)
  java.security.SecureClassLoader.defineClass(SecureClassLoader.java:142)
  java.net.URLClassLoader.defineClass(URLClassLoader.java:467)
  java.net.URLClassLoader.access$100(URLClassLoader.java:73)
  java.net.URLClassLoader$1.run(URLClassLoader.java:368)
  java.net.URLClassLoader$1.run(URLClassLoader.java:362)
  java.security.AccessController.doPrivileged(Native Method)
  java.net.URLClassLoader.findClass(URLClassLoader.java:361)
  java.lang.ClassLoader.loadClass(ClassLoader.java:424)
  sun.misc.Launcher$AppClassLoader.loadClass(Launcher.java:331)
  java.lang.ClassLoader.loadClass(ClassLoader.java:357)
  org.apache.xerces.parsers.AbstractDOMParser.startDocument(Unknown Source)
  org.apache.xerces.xinclude.XIncludeHandler.startDocument(Unknown Source)
  org.apache.xerces.impl.dtd.XMLDTDValidator.startDocument(Unknown Source)
  org.apache.xerces.impl.XMLDocumentScannerImpl.startEntity(Unknown Source)
  org.apache.xerces.impl.XMLVersionDetector.startDocumentParsing(Unknown Source)
  org.apache.xerces.parsers.XML11Configuration.parse(Unknown Source)
  org.apache.xerces.parsers.XML11Configuration.parse(Unknown Source)
  org.apache.xerces.parsers.XMLParser.parse(Unknown Source)
  org.apache.xerces.parsers.DOMParser.parse(Unknown Source)
  org.apache.xerces.jaxp.DocumentBuilderImpl.parse(Unknown Source)
  org.apache.logging.log4j.core.config.xml.XmlConfiguration.<init>(XmlConfiguration.java:97)
  org.apache.logging.log4j.core.config.xml.XmlConfigurationFactory.getConfiguration(XmlConfigurationFactory.java:44)
  org.apache.logging.log4j.core.config.ConfigurationFactory$Factory.getConfiguration(ConfigurationFactory.java:490)
  org.apache.logging.log4j.core.config.ConfigurationFactory$Factory.getConfiguration(ConfigurationFactory.java:460)
  org.apache.logging.log4j.core.config.ConfigurationFactory.getConfiguration(ConfigurationFactory.java:256)
  org.apache.logging.log4j.core.LoggerContext.reconfigure(LoggerContext.java:561)
  org.apache.logging.log4j.core.LoggerContext.reconfigure(LoggerContext.java:578)
  org.apache.logging.log4j.core.LoggerContext.start(LoggerContext.java:214)
  org.apache.logging.log4j.core.impl.Log4jContextFactory.getContext(Log4jContextFactory.java:145)
  org.apache.logging.log4j.core.impl.Log4jContextFactory.getContext(Log4jContextFactory.java:41)
  org.apache.logging.log4j.LogManager.getContext(LogManager.java:182)
  org.apache.logging.log4j.LogManager.getLogger(LogManager.java:455)
  utils.Log.<init>(Log.java:22)
  web.ui.BasePage.<init>(BasePage.java:39)
  web.ui.action.actionset(action.java:36)
  web.ui.login.GoogleTest(login.java:19)
  sun.reflect.NativeMethodAccessorImpl.invoke0(Native Method)
  sun.reflect.NativeMethodAccessorImpl.invoke(NativeMethodAccessorImpl.java:62)
  sun.reflect.DelegatingMethodAccessorImpl.invoke(DelegatingMethodAccessorImpl.java:43)
  java.lang.reflect.Method.invoke(Method.java:497)
  org.testng.internal.MethodInvocationHelper.invokeMethod(MethodInvocationHelper.java:124)
  org.testng.internal.Invoker.invokeMethod(Invoker.java:583)
  org.testng.internal.Invoker.invokeTestMethod(Invoker.java:719)
  org.testng.internal.Invoker.invokeTestMethods(Invoker.java:989)
  org.testng.internal.TestMethodWorker.invokeTestMethods(TestMethodWorker.java:125)
  org.testng.internal.TestMethodWorker.run(TestMethodWorker.java:109)
  java.util.concurrent.ThreadPoolExecutor.runWorker(ThreadPoolExecutor.java:1142)
  java.util.concurrent.ThreadPoolExecutor$Worker.run(ThreadPoolExecutor.java:617)
  java.lang.Thread.run(Thread.java:745)
Caused by: java.lang.ClassNotFoundException: org.w3c.dom.ElementTraversal
  java.net.URLClassLoader.findClass(URLClassLoader.java:381)
  java.lang.ClassLoader.loadClass(ClassLoader.java:424)
  sun.misc.Launcher$AppClassLoader.loadClass(Launcher.java:331)
  java.lang.ClassLoader.loadClass(ClassLoader.java:357)
  java.lang.ClassLoader.defineClass1(Native Method)
  java.lang.ClassLoader.defineClass(ClassLoader.java:760)
  java.security.SecureClassLoader.defineClass(SecureClassLoader.java:142)
  java.net.URLClassLoader.defineClass(URLClassLoader.java:467)
  java.net.URLClassLoader.access$100(URLClassLoader.java:73)
  java.net.URLClassLoader$1.run(URLClassLoader.java:368)
  java.net.URLClassLoader$1.run(URLClassLoader.java:362)
  java.security.AccessController.doPrivileged(Native Method)
  java.net.URLClassLoader.findClass(URLClassLoader.java:361)
  java.lang.ClassLoader.loadClass(ClassLoader.java:424)
  sun.misc.Launcher$AppClassLoader.loadClass(Launcher.java:331)
  java.lang.ClassLoader.loadClass(ClassLoader.java:357)
  org.apache.xerces.parsers.AbstractDOMParser.startDocument(Unknown Source)
  org.apache.xerces.xinclude.XIncludeHandler.startDocument(Unknown Source)
  org.apache.xerces.impl.dtd.XMLDTDValidator.startDocument(Unknown Source)
  org.apache.xerces.impl.XMLDocumentScannerImpl.startEntity(Unknown Source)
  org.apache.xerces.impl.XMLVersionDetector.startDocumentParsing(Unknown Source)
  org.apache.xerces.parsers.XML11Configuration.parse(Unknown Source)
  org.apache.xerces.parsers.XML11Configuration.parse(Unknown Source)
  org.apache.xerces.parsers.XMLParser.parse(Unknown Source)
  org.apache.xerces.parsers.DOMParser.parse(Unknown Source)
  org.apache.xerces.jaxp.DocumentBuilderImpl.parse(Unknown Source)
  org.apache.logging.log4j.core.config.xml.XmlConfiguration.<init>(XmlConfiguration.java:97)
  org.apache.logging.log4j.core.config.xml.XmlConfigurationFactory.getConfiguration(XmlConfigurationFactory.java:44)
  org.apache.logging.log4j.core.config.ConfigurationFactory$Factory.getConfiguration(ConfigurationFactory.java:490)
  org.apache.logging.log4j.core.config.ConfigurationFactory$Factory.getConfiguration(ConfigurationFactory.java:460)
  org.apache.logging.log4j.core.config.ConfigurationFactory.getConfiguration(ConfigurationFactory.java:256)
  org.apache.logging.log4j.core.LoggerContext.reconfigure(LoggerContext.java:561)
  org.apache.logging.log4j.core.LoggerContext.reconfigure(LoggerContext.java:578)
  org.apache.logging.log4j.core.LoggerContext.start(LoggerContext.java:214)
  org.apache.logging.log4j.core.impl.Log4jContextFactory.getContext(Log4jContextFactory.java:145)
  org.apache.logging.log4j.core.impl.Log4jContextFactory.getContext(Log4jContextFactory.java:41)
  org.apache.logging.log4j.LogManager.getContext(LogManager.java:182)
  org.apache.logging.log4j.LogManager.getLogger(LogManager.java:455)
  utils.Log.<init>(Log.java:22)
  web.ui.BasePage.<init>(BasePage.java:39)
  web.ui.action.actionset(action.java:36)
  web.ui.login.GoogleTest(login.java:19)
  sun.reflect.NativeMethodAccessorImpl.invoke0(Native Method)
  sun.reflect.NativeMethodAccessorImpl.invoke(NativeMethodAccessorImpl.java:62)
  sun.reflect.DelegatingMethodAccessorImpl.invoke(DelegatingMethodAccessorImpl.java:43)
  java.lang.reflect.Method.invoke(Method.java:497)
  org.testng.internal.MethodInvocationHelper.invokeMethod(MethodInvocationHelper.java:124)
  org.testng.internal.Invoker.invokeMethod(Invoker.java:583)
  org.testng.internal.Invoker.invokeTestMethod(Invoker.java:719)
  org.testng.internal.Invoker.invokeTestMethods(Invoker.java:989)
  org.testng.internal.TestMethodWorker.invokeTestMethods(TestMethodWorker.java:125)
  org.testng.internal.TestMethodWorker.run(TestMethodWorker.java:109)
  java.util.concurrent.ThreadPoolExecutor.runWorker(ThreadPoolExecutor.java:1142)
  java.util.concurrent.ThreadPoolExecutor$Worker.run(ThreadPoolExecutor.java:617)
  java.lang.Thread.run(Thread.java:745)
]]>
      </failure>

          </testcase>
  
  
            <testcase name="FirefoxTest" time="8.660" classname="web.ui.login" />
      
</testsuite>
