<?xml version="1.0" encoding="UTF-8"?>
<testng-results skipped="2" failed="0" ignored="0" total="4" passed="2">
  <reporter-output>
    <line>
      <![CDATA[<span style="color:#16A05D"><b>[2019-03-23 11:18:27] [INFO] pageName:baidu type:Google</b></span><br />]]>
    </line>
    <line>
      <![CDATA[<span style="color:#16A05D"><b>[2019-03-23 11:18:35] [INFO] 浏览器最大化</b></span><br />]]>
    </line>
    <line>
      <![CDATA[<span style="color:#16A05D"><b>[2019-03-23 11:18:35] [INFO] 打开【https://www.baidu.com】页面</b></span><br />]]>
    </line>
    <line>
      <![CDATA[<span style="color:#16A05D"><b>[2019-03-23 11:18:37] [INFO] 定位:"搜索" 元素成功</b></span><br />]]>
    </line>
    <line>
      <![CDATA[<span style="color:#16A05D"><b>[2019-03-23 11:18:38] [INFO] 在:"搜索" 文本框中输入git成功</b></span><br />]]>
    </line>
    <line>
      <![CDATA[<span style="color:#FF0000"><b>[2019-03-23 11:18:38] [ERROR] 定位:百度一下 元素失败</b></span><br />]]>
    </line>
    <line>
      <![CDATA[<span style="color:#FF0000"><b>[2019-03-23 11:18:39] [ERROR] 定位:百度一下 元素失败</b></span><br />]]>
    </line>
    <line>
      <![CDATA[<span style="color:#FF0000"><b>[2019-03-23 11:18:39] [ERROR] 定位:百度一下 元素失败</b></span><br />]]>
    </line>
    <line>
      <![CDATA[<span style="color:#FF0000"><b>[2019-03-23 11:18:40] [ERROR] 定位:百度一下 元素失败</b></span><br />]]>
    </line>
    <line>
      <![CDATA[<span style="color:#FF0000"><b>[2019-03-23 11:18:40] [ERROR] 定位:百度一下 元素失败</b></span><br />]]>
    </line>
    <line>
      <![CDATA[<span style="color:#16A05D"><b>[2019-03-23 11:18:40] [INFO] pageName:baidu type:Firefox</b></span><br />]]>
    </line>
    <line>
      <![CDATA[<span style="color:#FF0000"><b>[2019-03-23 11:18:41] [ERROR] 定位:百度一下 元素失败</b></span><br />]]>
    </line>
    <line>
      <![CDATA[<span style="color:#FF0000"><b>[2019-03-23 11:18:41] [ERROR]  Method GoogleTest Execution failed, retry1Times</b></span><br />]]>
    </line>
    <line>
      <![CDATA[<span style="color:#FF0000"><b>[2019-03-23 11:18:41] [ERROR] 定位:百度一下 元素失败</b></span><br />]]>
    </line>
    <line>
      <![CDATA[<span style="color:#FF0000"><b>[2019-03-23 11:18:42] [ERROR] 定位:百度一下 元素失败</b></span><br />]]>
    </line>
    <line>
      <![CDATA[<span style="color:#FF0000"><b>[2019-03-23 11:18:42] [ERROR] 定位:百度一下 元素失败</b></span><br />]]>
    </line>
    <line>
      <![CDATA[<span style="color:#FF0000"><b>[2019-03-23 11:18:43] [ERROR] 定位:百度一下 元素失败</b></span><br />]]>
    </line>
    <line>
      <![CDATA[<span style="color:#FF0000"><b>[2019-03-23 11:18:43] [ERROR] 定位:百度一下 元素失败</b></span><br />]]>
    </line>
    <line>
      <![CDATA[<span style="color:#FF0000"><b>[2019-03-23 11:18:43] [ERROR] 点击:"百度一下" 按钮失败</b></span><br />]]>
    </line>
    <line>
      <![CDATA[<span style="color:#FF0000"><b>[2019-03-23 11:18:43] [ERROR]  Method FirefoxTest Execution failed, retry1Times</b></span><br />]]>
    </line>
    <line>
      <![CDATA[<span style="color:#16A05D"><b>[2019-03-23 11:18:48] [INFO] pageName:baidu type:Google</b></span><br />]]>
    </line>
    <line>
      <![CDATA[<span style="color:#16A05D"><b>[2019-03-23 11:18:50] [INFO] pageName:baidu type:Firefox</b></span><br />]]>
    </line>
    <line>
      <![CDATA[<span style="color:#16A05D"><b>[2019-03-23 11:18:53] [INFO] 浏览器最大化</b></span><br />]]>
    </line>
    <line>
      <![CDATA[<span style="color:#16A05D"><b>[2019-03-23 11:18:53] [INFO] 打开【https://wwww.baidu.com】页面</b></span><br />]]>
    </line>
    <line>
      <![CDATA[<span style="color:#16A05D"><b>[2019-03-23 11:18:53] [INFO] 定位:"搜索" 元素成功</b></span><br />]]>
    </line>
    <line>
      <![CDATA[<span style="color:#16A05D"><b>[2019-03-23 11:18:53] [INFO] 在:"搜索" 文本框中输入git成功</b></span><br />]]>
    </line>
    <line>
      <![CDATA[<span style="color:#16A05D"><b>[2019-03-23 11:18:53] [INFO] 定位:"百度一下" 元素成功</b></span><br />]]>
    </line>
    <line>
      <![CDATA[<span style="color:#16A05D"><b>[2019-03-23 11:18:54] [INFO] 点击:"百度一下" 按钮成功</b></span><br />]]>
    </line>
    <line>
      <![CDATA[<span style="color:#16A05D"><b>[2019-03-23 11:18:54] [INFO] login2：失败截图成功</b></span><br />]]>
    </line>
    <line>
      <![CDATA[<span style="color:#16A05D"><b>[2019-03-23 11:18:54] [INFO] 失败截图保存的路径:E:\myjava\subor\截图\web\Firefox\login2失败截图20190323_111854.jpg</b></span><br />]]>
    </line>
    <line>
      <![CDATA[<a target='_blank' href="file:E:\myjava\subor\截图\web\Firefox\login2失败截图20190323_111854.jpg">]]>
    </line>
    <line>
      <![CDATA[<img width="350" src="file:E:\myjava\subor\截图\web\Firefox\login2失败截图20190323_111854.jpg" />    截图：C:\Users\ADMINI~1\AppData\Local\Temp\screenshot2185351812712464689.png]]>
    </line>
    <line>
      <![CDATA[</a><br />]]>
    </line>
    <line>
      <![CDATA[<span style="color:#16A05D"><b>[2019-03-23 11:18:59] [INFO] 浏览器最大化</b></span><br />]]>
    </line>
    <line>
      <![CDATA[<span style="color:#16A05D"><b>[2019-03-23 11:18:59] [INFO] 打开【https://www.baidu.com】页面</b></span><br />]]>
    </line>
    <line>
      <![CDATA[<span style="color:#16A05D"><b>[2019-03-23 11:18:59] [INFO] 定位:"搜索" 元素成功</b></span><br />]]>
    </line>
    <line>
      <![CDATA[<span style="color:#16A05D"><b>[2019-03-23 11:18:59] [INFO] 在:"搜索" 文本框中输入git成功</b></span><br />]]>
    </line>
    <line>
      <![CDATA[<span style="color:#16A05D"><b>[2019-03-23 11:18:59] [INFO] 定位:"百度一下" 元素成功</b></span><br />]]>
    </line>
    <line>
      <![CDATA[<span style="color:#16A05D"><b>[2019-03-23 11:19:00] [INFO] 点击:"百度一下" 按钮成功</b></span><br />]]>
    </line>
    <line>
      <![CDATA[<span style="color:#16A05D"><b>[2019-03-23 11:19:00] [INFO] login：失败截图成功</b></span><br />]]>
    </line>
    <line>
      <![CDATA[<span style="color:#16A05D"><b>[2019-03-23 11:19:00] [INFO] 失败截图保存的路径:E:\myjava\subor\截图\web\Google\login失败截图20190323_111900.jpg</b></span><br />]]>
    </line>
    <line>
      <![CDATA[<a target='_blank' href="file:E:\myjava\subor\截图\web\Google\login失败截图20190323_111900.jpg">]]>
    </line>
    <line>
      <![CDATA[<img width="350" src="file:E:\myjava\subor\截图\web\Google\login失败截图20190323_111900.jpg" />    截图：C:\Users\ADMINI~1\AppData\Local\Temp\screenshot2871492654543483427.png]]>
    </line>
    <line>
      <![CDATA[</a><br />]]>
    </line>
  </reporter-output>
  <suite name="rbctests" duration-ms="53011" started-at="2019-03-23T03:18:07Z" finished-at="2019-03-23T03:19:00Z">
    <groups>
    </groups>
    <test name="login" duration-ms="53011" started-at="2019-03-23T03:18:07Z" finished-at="2019-03-23T03:19:00Z">
      <class name="web.ui.NewTest">
        <test-method status="SKIP" signature="FirefoxTest()[pri:0, instance:web.ui.NewTest@38c6f217]" name="FirefoxTest" duration-ms="36206" started-at="2019-03-23T03:18:07Z" finished-at="2019-03-23T03:18:43Z">
          <exception class="org.openqa.selenium.NoSuchWindowException">
            <message>
              <![CDATA[no such window: target window already closed
from unknown error: web view not found
  (Session info: chrome=70.0.3538.110)
  (Driver info: chromedriver=2.40.565498 (ea082db3280dd6843ebfb08a625e3eb905c4f5ab),platform=Windows NT 6.1.7601 SP1 x86_64) (WARNING: The server did not provide any stacktrace information)
Command duration or timeout: 0 milliseconds
Build info: version: '3.141.59', revision: 'e82be7d358', time: '2018-11-14T08:17:03'
System info: host: 'CN-20190213OQNU', ip: '192.168.0.100', os.name: 'Windows 7', os.arch: 'amd64', os.version: '6.1', java.version: '1.8.0_201'
Driver info: org.openqa.selenium.chrome.ChromeDriver
Capabilities {acceptInsecureCerts: false, acceptSslCerts: false, applicationCacheEnabled: false, browserConnectionEnabled: false, browserName: chrome, chrome: {chromedriverVersion: 2.40.565498 (ea082db3280dd6..., userDataDir: C:\Users\ADMINI~1\AppData\L...}, cssSelectorsEnabled: true, databaseEnabled: false, handlesAlerts: true, hasTouchScreen: false, javascriptEnabled: true, locationContextEnabled: true, mobileEmulationEnabled: false, nativeEvents: true, networkConnectionEnabled: false, pageLoadStrategy: normal, platform: XP, platformName: XP, rotatable: false, setWindowRect: true, takesHeapSnapshot: true, takesScreenshot: true, unexpectedAlertBehaviour: , unhandledPromptBehavior: , version: 70.0.3538.110, webStorageEnabled: true}
Session ID: b3faddcc46386c4b40c13aedeca6bd13]]>
            </message>
            <full-stacktrace>
              <![CDATA[org.openqa.selenium.NoSuchWindowException: no such window: target window already closed
from unknown error: web view not found
  (Session info: chrome=70.0.3538.110)
  (Driver info: chromedriver=2.40.565498 (ea082db3280dd6843ebfb08a625e3eb905c4f5ab),platform=Windows NT 6.1.7601 SP1 x86_64) (WARNING: The server did not provide any stacktrace information)
Command duration or timeout: 0 milliseconds
Build info: version: '3.141.59', revision: 'e82be7d358', time: '2018-11-14T08:17:03'
System info: host: 'CN-20190213OQNU', ip: '192.168.0.100', os.name: 'Windows 7', os.arch: 'amd64', os.version: '6.1', java.version: '1.8.0_201'
Driver info: org.openqa.selenium.chrome.ChromeDriver
Capabilities {acceptInsecureCerts: false, acceptSslCerts: false, applicationCacheEnabled: false, browserConnectionEnabled: false, browserName: chrome, chrome: {chromedriverVersion: 2.40.565498 (ea082db3280dd6..., userDataDir: C:\Users\ADMINI~1\AppData\L...}, cssSelectorsEnabled: true, databaseEnabled: false, handlesAlerts: true, hasTouchScreen: false, javascriptEnabled: true, locationContextEnabled: true, mobileEmulationEnabled: false, nativeEvents: true, networkConnectionEnabled: false, pageLoadStrategy: normal, platform: XP, platformName: XP, rotatable: false, setWindowRect: true, takesHeapSnapshot: true, takesScreenshot: true, unexpectedAlertBehaviour: , unhandledPromptBehavior: , version: 70.0.3538.110, webStorageEnabled: true}
Session ID: b3faddcc46386c4b40c13aedeca6bd13
at sun.reflect.NativeConstructorAccessorImpl.newInstance0(Native Method)
at sun.reflect.NativeConstructorAccessorImpl.newInstance(NativeConstructorAccessorImpl.java:62)
at sun.reflect.DelegatingConstructorAccessorImpl.newInstance(DelegatingConstructorAccessorImpl.java:45)
at java.lang.reflect.Constructor.newInstance(Constructor.java:423)
at org.openqa.selenium.remote.ErrorHandler.createThrowable(ErrorHandler.java:214)
at org.openqa.selenium.remote.ErrorHandler.throwIfResponseFailed(ErrorHandler.java:166)
at org.openqa.selenium.remote.http.JsonHttpResponseCodec.reconstructValue(JsonHttpResponseCodec.java:40)
at org.openqa.selenium.remote.http.AbstractHttpResponseCodec.decode(AbstractHttpResponseCodec.java:80)
at org.openqa.selenium.remote.http.AbstractHttpResponseCodec.decode(AbstractHttpResponseCodec.java:44)
at org.openqa.selenium.remote.HttpCommandExecutor.execute(HttpCommandExecutor.java:158)
at org.openqa.selenium.remote.service.DriverCommandExecutor.execute(DriverCommandExecutor.java:83)
at org.openqa.selenium.remote.RemoteWebDriver.execute(RemoteWebDriver.java:552)
at org.openqa.selenium.remote.RemoteWebDriver.execute(RemoteWebDriver.java:609)
at org.openqa.selenium.remote.RemoteWebDriver.getScreenshotAs(RemoteWebDriver.java:295)
at utils.PrtScr.takeScreenShot(PrtScr.java:24)
at web.ui.action.actionset(action.java:62)
at web.ui.NewTest.FirefoxTest(NewTest.java:14)
at sun.reflect.NativeMethodAccessorImpl.invoke0(Native Method)
at sun.reflect.NativeMethodAccessorImpl.invoke(NativeMethodAccessorImpl.java:62)
at sun.reflect.DelegatingMethodAccessorImpl.invoke(DelegatingMethodAccessorImpl.java:43)
at java.lang.reflect.Method.invoke(Method.java:498)
at org.testng.internal.MethodInvocationHelper.invokeMethod(MethodInvocationHelper.java:124)
at org.testng.internal.Invoker.invokeMethod(Invoker.java:580)
at org.testng.internal.Invoker.invokeTestMethod(Invoker.java:716)
at org.testng.internal.Invoker.invokeTestMethods(Invoker.java:988)
at org.testng.internal.TestMethodWorker.invokeTestMethods(TestMethodWorker.java:125)
at org.testng.internal.TestMethodWorker.run(TestMethodWorker.java:109)
at java.util.concurrent.ThreadPoolExecutor.runWorker(ThreadPoolExecutor.java:1149)
at java.util.concurrent.ThreadPoolExecutor$Worker.run(ThreadPoolExecutor.java:624)
at java.lang.Thread.run(Thread.java:748)
]]>
            </full-stacktrace>
          </exception> <!-- org.openqa.selenium.NoSuchWindowException -->
          <reporter-output>
            <line>
              <![CDATA[<span style="color:#16A05D"><b>[2019-03-23 11:18:27] [INFO] pageName:baidu type:Google</b></span><br />]]>
            </line>
            <line>
              <![CDATA[<span style="color:#16A05D"><b>[2019-03-23 11:18:35] [INFO] 浏览器最大化</b></span><br />]]>
            </line>
            <line>
              <![CDATA[<span style="color:#16A05D"><b>[2019-03-23 11:18:35] [INFO] 打开【https://www.baidu.com】页面</b></span><br />]]>
            </line>
            <line>
              <![CDATA[<span style="color:#16A05D"><b>[2019-03-23 11:18:37] [INFO] 定位:"搜索" 元素成功</b></span><br />]]>
            </line>
            <line>
              <![CDATA[<span style="color:#16A05D"><b>[2019-03-23 11:18:38] [INFO] 在:"搜索" 文本框中输入git成功</b></span><br />]]>
            </line>
            <line>
              <![CDATA[<span style="color:#FF0000"><b>[2019-03-23 11:18:38] [ERROR] 定位:百度一下 元素失败</b></span><br />]]>
            </line>
            <line>
              <![CDATA[<span style="color:#FF0000"><b>[2019-03-23 11:18:39] [ERROR] 定位:百度一下 元素失败</b></span><br />]]>
            </line>
            <line>
              <![CDATA[<span style="color:#FF0000"><b>[2019-03-23 11:18:39] [ERROR] 定位:百度一下 元素失败</b></span><br />]]>
            </line>
            <line>
              <![CDATA[<span style="color:#FF0000"><b>[2019-03-23 11:18:40] [ERROR] 定位:百度一下 元素失败</b></span><br />]]>
            </line>
            <line>
              <![CDATA[<span style="color:#FF0000"><b>[2019-03-23 11:18:40] [ERROR] 定位:百度一下 元素失败</b></span><br />]]>
            </line>
            <line>
              <![CDATA[<span style="color:#FF0000"><b>[2019-03-23 11:18:41] [ERROR] 定位:百度一下 元素失败</b></span><br />]]>
            </line>
            <line>
              <![CDATA[<span style="color:#FF0000"><b>[2019-03-23 11:18:41] [ERROR] 定位:百度一下 元素失败</b></span><br />]]>
            </line>
            <line>
              <![CDATA[<span style="color:#FF0000"><b>[2019-03-23 11:18:42] [ERROR] 定位:百度一下 元素失败</b></span><br />]]>
            </line>
            <line>
              <![CDATA[<span style="color:#FF0000"><b>[2019-03-23 11:18:42] [ERROR] 定位:百度一下 元素失败</b></span><br />]]>
            </line>
            <line>
              <![CDATA[<span style="color:#FF0000"><b>[2019-03-23 11:18:43] [ERROR] 定位:百度一下 元素失败</b></span><br />]]>
            </line>
            <line>
              <![CDATA[<span style="color:#FF0000"><b>[2019-03-23 11:18:43] [ERROR] 定位:百度一下 元素失败</b></span><br />]]>
            </line>
            <line>
              <![CDATA[<span style="color:#FF0000"><b>[2019-03-23 11:18:43] [ERROR] 点击:"百度一下" 按钮失败</b></span><br />]]>
            </line>
            <line>
              <![CDATA[<span style="color:#FF0000"><b>[2019-03-23 11:18:43] [ERROR]  Method FirefoxTest Execution failed, retry1Times</b></span><br />]]>
            </line>
          </reporter-output>
        </test-method> <!-- FirefoxTest -->
        <test-method status="SKIP" signature="GoogleTest()[pri:0, instance:web.ui.NewTest@38c6f217]" name="GoogleTest" duration-ms="33719" started-at="2019-03-23T03:18:07Z" finished-at="2019-03-23T03:18:41Z">
          <exception class="org.openqa.selenium.NoSuchWindowException">
            <message>
              <![CDATA[Browsing context has been discarded
Build info: version: '3.141.59', revision: 'e82be7d358', time: '2018-11-14T08:17:03'
System info: host: 'CN-20190213OQNU', ip: '192.168.0.100', os.name: 'Windows 7', os.arch: 'amd64', os.version: '6.1', java.version: '1.8.0_201'
Driver info: org.openqa.selenium.firefox.FirefoxDriver
Capabilities {acceptInsecureCerts: true, browserName: firefox, browserVersion: 65.0.2, javascriptEnabled: true, moz:accessibilityChecks: false, moz:geckodriverVersion: 0.23.0, moz:headless: false, moz:processID: 3660, moz:profile: C:\Users\Administrator\AppD..., moz:shutdownTimeout: 60000, moz:useNonSpecCompliantPointerOrigin: false, moz:webdriverClick: true, pageLoadStrategy: normal, platform: WINDOWS, platformName: WINDOWS, platformVersion: 6.1, rotatable: false, setWindowRect: true, strictFileInteractability: false, timeouts: {implicit: 0, pageLoad: 300000, script: 30000}, unhandledPromptBehavior: dismiss and notify}
Session ID: 96d7ec25-2e79-4320-9bbd-0d22a135c90a]]>
            </message>
            <full-stacktrace>
              <![CDATA[org.openqa.selenium.NoSuchWindowException: Browsing context has been discarded
Build info: version: '3.141.59', revision: 'e82be7d358', time: '2018-11-14T08:17:03'
System info: host: 'CN-20190213OQNU', ip: '192.168.0.100', os.name: 'Windows 7', os.arch: 'amd64', os.version: '6.1', java.version: '1.8.0_201'
Driver info: org.openqa.selenium.firefox.FirefoxDriver
Capabilities {acceptInsecureCerts: true, browserName: firefox, browserVersion: 65.0.2, javascriptEnabled: true, moz:accessibilityChecks: false, moz:geckodriverVersion: 0.23.0, moz:headless: false, moz:processID: 3660, moz:profile: C:\Users\Administrator\AppD..., moz:shutdownTimeout: 60000, moz:useNonSpecCompliantPointerOrigin: false, moz:webdriverClick: true, pageLoadStrategy: normal, platform: WINDOWS, platformName: WINDOWS, platformVersion: 6.1, rotatable: false, setWindowRect: true, strictFileInteractability: false, timeouts: {implicit: 0, pageLoad: 300000, script: 30000}, unhandledPromptBehavior: dismiss and notify}
Session ID: 96d7ec25-2e79-4320-9bbd-0d22a135c90a
at sun.reflect.NativeConstructorAccessorImpl.newInstance0(Native Method)
at sun.reflect.NativeConstructorAccessorImpl.newInstance(NativeConstructorAccessorImpl.java:62)
at sun.reflect.DelegatingConstructorAccessorImpl.newInstance(DelegatingConstructorAccessorImpl.java:45)
at java.lang.reflect.Constructor.newInstance(Constructor.java:423)
at org.openqa.selenium.remote.http.W3CHttpResponseCodec.createException(W3CHttpResponseCodec.java:187)
at org.openqa.selenium.remote.http.W3CHttpResponseCodec.decode(W3CHttpResponseCodec.java:122)
at org.openqa.selenium.remote.http.W3CHttpResponseCodec.decode(W3CHttpResponseCodec.java:49)
at org.openqa.selenium.remote.HttpCommandExecutor.execute(HttpCommandExecutor.java:158)
at org.openqa.selenium.remote.service.DriverCommandExecutor.execute(DriverCommandExecutor.java:83)
at org.openqa.selenium.remote.RemoteWebDriver.execute(RemoteWebDriver.java:552)
at org.openqa.selenium.remote.RemoteWebDriver.execute(RemoteWebDriver.java:609)
at org.openqa.selenium.remote.RemoteWebDriver$RemoteWebDriverOptions$RemoteWindow.maximize(RemoteWebDriver.java:837)
at web.ui.BasePage.max(BasePage.java:158)
at web.ui.BasePage.activate(BasePage.java:87)
at web.ui.action.actionset(action.java:37)
at web.ui.NewTest.GoogleTest(NewTest.java:19)
at sun.reflect.NativeMethodAccessorImpl.invoke0(Native Method)
at sun.reflect.NativeMethodAccessorImpl.invoke(NativeMethodAccessorImpl.java:62)
at sun.reflect.DelegatingMethodAccessorImpl.invoke(DelegatingMethodAccessorImpl.java:43)
at java.lang.reflect.Method.invoke(Method.java:498)
at org.testng.internal.MethodInvocationHelper.invokeMethod(MethodInvocationHelper.java:124)
at org.testng.internal.Invoker.invokeMethod(Invoker.java:580)
at org.testng.internal.Invoker.invokeTestMethod(Invoker.java:716)
at org.testng.internal.Invoker.invokeTestMethods(Invoker.java:988)
at org.testng.internal.TestMethodWorker.invokeTestMethods(TestMethodWorker.java:125)
at org.testng.internal.TestMethodWorker.run(TestMethodWorker.java:109)
at java.util.concurrent.ThreadPoolExecutor.runWorker(ThreadPoolExecutor.java:1149)
at java.util.concurrent.ThreadPoolExecutor$Worker.run(ThreadPoolExecutor.java:624)
at java.lang.Thread.run(Thread.java:748)
]]>
            </full-stacktrace>
          </exception> <!-- org.openqa.selenium.NoSuchWindowException -->
          <reporter-output>
            <line>
              <![CDATA[<span style="color:#16A05D"><b>[2019-03-23 11:18:40] [INFO] pageName:baidu type:Firefox</b></span><br />]]>
            </line>
            <line>
              <![CDATA[<span style="color:#FF0000"><b>[2019-03-23 11:18:41] [ERROR]  Method GoogleTest Execution failed, retry1Times</b></span><br />]]>
            </line>
          </reporter-output>
        </test-method> <!-- GoogleTest -->
        <test-method status="PASS" signature="GoogleTest()[pri:0, instance:web.ui.NewTest@38c6f217]" name="GoogleTest" duration-ms="12769" started-at="2019-03-23T03:18:41Z" finished-at="2019-03-23T03:18:54Z">
          <reporter-output>
            <line>
              <![CDATA[<span style="color:#16A05D"><b>[2019-03-23 11:18:50] [INFO] pageName:baidu type:Firefox</b></span><br />]]>
            </line>
            <line>
              <![CDATA[<span style="color:#16A05D"><b>[2019-03-23 11:18:53] [INFO] 浏览器最大化</b></span><br />]]>
            </line>
            <line>
              <![CDATA[<span style="color:#16A05D"><b>[2019-03-23 11:18:53] [INFO] 打开【https://wwww.baidu.com】页面</b></span><br />]]>
            </line>
            <line>
              <![CDATA[<span style="color:#16A05D"><b>[2019-03-23 11:18:53] [INFO] 定位:"搜索" 元素成功</b></span><br />]]>
            </line>
            <line>
              <![CDATA[<span style="color:#16A05D"><b>[2019-03-23 11:18:53] [INFO] 在:"搜索" 文本框中输入git成功</b></span><br />]]>
            </line>
            <line>
              <![CDATA[<span style="color:#16A05D"><b>[2019-03-23 11:18:53] [INFO] 定位:"百度一下" 元素成功</b></span><br />]]>
            </line>
            <line>
              <![CDATA[<span style="color:#16A05D"><b>[2019-03-23 11:18:54] [INFO] 点击:"百度一下" 按钮成功</b></span><br />]]>
            </line>
            <line>
              <![CDATA[<span style="color:#16A05D"><b>[2019-03-23 11:18:54] [INFO] login2：失败截图成功</b></span><br />]]>
            </line>
            <line>
              <![CDATA[<span style="color:#16A05D"><b>[2019-03-23 11:18:54] [INFO] 失败截图保存的路径:E:\myjava\subor\截图\web\Firefox\login2失败截图20190323_111854.jpg</b></span><br />]]>
            </line>
            <line>
              <![CDATA[<a target='_blank' href="file:E:\myjava\subor\截图\web\Firefox\login2失败截图20190323_111854.jpg">]]>
            </line>
            <line>
              <![CDATA[<img width="350" src="file:E:\myjava\subor\截图\web\Firefox\login2失败截图20190323_111854.jpg" />    截图：C:\Users\ADMINI~1\AppData\Local\Temp\screenshot2185351812712464689.png]]>
            </line>
            <line>
              <![CDATA[</a><br />]]>
            </line>
          </reporter-output>
        </test-method> <!-- GoogleTest -->
        <test-method status="PASS" signature="FirefoxTest()[pri:0, instance:web.ui.NewTest@38c6f217]" name="FirefoxTest" duration-ms="16687" started-at="2019-03-23T03:18:43Z" finished-at="2019-03-23T03:19:00Z">
          <reporter-output>
            <line>
              <![CDATA[<span style="color:#16A05D"><b>[2019-03-23 11:18:48] [INFO] pageName:baidu type:Google</b></span><br />]]>
            </line>
            <line>
              <![CDATA[<span style="color:#16A05D"><b>[2019-03-23 11:18:59] [INFO] 浏览器最大化</b></span><br />]]>
            </line>
            <line>
              <![CDATA[<span style="color:#16A05D"><b>[2019-03-23 11:18:59] [INFO] 打开【https://www.baidu.com】页面</b></span><br />]]>
            </line>
            <line>
              <![CDATA[<span style="color:#16A05D"><b>[2019-03-23 11:18:59] [INFO] 定位:"搜索" 元素成功</b></span><br />]]>
            </line>
            <line>
              <![CDATA[<span style="color:#16A05D"><b>[2019-03-23 11:18:59] [INFO] 在:"搜索" 文本框中输入git成功</b></span><br />]]>
            </line>
            <line>
              <![CDATA[<span style="color:#16A05D"><b>[2019-03-23 11:18:59] [INFO] 定位:"百度一下" 元素成功</b></span><br />]]>
            </line>
            <line>
              <![CDATA[<span style="color:#16A05D"><b>[2019-03-23 11:19:00] [INFO] 点击:"百度一下" 按钮成功</b></span><br />]]>
            </line>
            <line>
              <![CDATA[<span style="color:#16A05D"><b>[2019-03-23 11:19:00] [INFO] login：失败截图成功</b></span><br />]]>
            </line>
            <line>
              <![CDATA[<span style="color:#16A05D"><b>[2019-03-23 11:19:00] [INFO] 失败截图保存的路径:E:\myjava\subor\截图\web\Google\login失败截图20190323_111900.jpg</b></span><br />]]>
            </line>
            <line>
              <![CDATA[<a target='_blank' href="file:E:\myjava\subor\截图\web\Google\login失败截图20190323_111900.jpg">]]>
            </line>
            <line>
              <![CDATA[<img width="350" src="file:E:\myjava\subor\截图\web\Google\login失败截图20190323_111900.jpg" />    截图：C:\Users\ADMINI~1\AppData\Local\Temp\screenshot2871492654543483427.png]]>
            </line>
            <line>
              <![CDATA[</a><br />]]>
            </line>
          </reporter-output>
        </test-method> <!-- FirefoxTest -->
      </class> <!-- web.ui.NewTest -->
    </test> <!-- login -->
  </suite> <!-- rbctests -->
</testng-results>
